0 info it worked if it ends with ok
1 verbose cli [ '/home/vagrant/n/bin/node',
1 verbose cli   '/home/vagrant/n/bin/npm',
1 verbose cli   'install' ]
2 info using npm@4.0.0
3 info using node@v6.8.1
4 silly loadCurrentTree Starting
5 silly install loadCurrentTree
6 silly install readLocalPackageData
7 silly install normalizeTree
8 silly loadCurrentTree Finishing
9 silly loadIdealTree Starting
10 silly install loadIdealTree
11 silly cloneCurrentTree Starting
12 silly install cloneCurrentTreeToIdealTree
13 silly cloneCurrentTree Finishing
14 silly loadShrinkwrap Starting
15 silly install loadShrinkwrap
16 silly loadShrinkwrap Finishing
17 silly loadAllDepsIntoIdealTree Starting
18 silly install loadAllDepsIntoIdealTree
19 silly fetchNamedPackageData jade
20 silly mapToRegistry name jade
21 silly mapToRegistry using default registry
22 silly mapToRegistry registry https://registry.npmjs.org/
23 silly mapToRegistry data Result {
23 silly mapToRegistry   raw: 'jade',
23 silly mapToRegistry   scope: null,
23 silly mapToRegistry   escapedName: 'jade',
23 silly mapToRegistry   name: 'jade',
23 silly mapToRegistry   rawSpec: '',
23 silly mapToRegistry   spec: 'latest',
23 silly mapToRegistry   type: 'tag' }
24 silly mapToRegistry uri https://registry.npmjs.org/jade
25 verbose request uri https://registry.npmjs.org/jade
26 verbose request no auth needed
27 info attempt registry request try #1 at 11:44:50 PM
28 verbose request id dfc2f2c552a13085
29 verbose etag "2K81NWHHM5K64VLR7MW9U5YM4"
30 http request GET https://registry.npmjs.org/jade
31 http 200 https://registry.npmjs.org/jade
32 verbose headers { server: 'CouchDB/1.5.0 (Erlang OTP/R16B03)',
32 verbose headers   etag: '"8K6S1MAC5PGEUMCX96V7LSLGP"',
32 verbose headers   'content-type': 'application/json',
32 verbose headers   'content-encoding': 'gzip',
32 verbose headers   'cache-control': 'max-age=300',
32 verbose headers   'content-length': '19550',
32 verbose headers   'accept-ranges': 'bytes',
32 verbose headers   date: 'Mon, 24 Oct 2016 23:44:51 GMT',
32 verbose headers   via: '1.1 varnish',
32 verbose headers   age: '54',
32 verbose headers   connection: 'keep-alive',
32 verbose headers   'x-served-by': 'cache-lax8646-LAX',
32 verbose headers   'x-cache': 'HIT',
32 verbose headers   'x-cache-hits': '1',
32 verbose headers   'x-timer': 'S1477352691.295384,VS0,VE0',
32 verbose headers   vary: 'Accept-Encoding' }
33 silly get cb [ 200,
33 silly get   { server: 'CouchDB/1.5.0 (Erlang OTP/R16B03)',
33 silly get     etag: '"8K6S1MAC5PGEUMCX96V7LSLGP"',
33 silly get     'content-type': 'application/json',
33 silly get     'content-encoding': 'gzip',
33 silly get     'cache-control': 'max-age=300',
33 silly get     'content-length': '19550',
33 silly get     'accept-ranges': 'bytes',
33 silly get     date: 'Mon, 24 Oct 2016 23:44:51 GMT',
33 silly get     via: '1.1 varnish',
33 silly get     age: '54',
33 silly get     connection: 'keep-alive',
33 silly get     'x-served-by': 'cache-lax8646-LAX',
33 silly get     'x-cache': 'HIT',
33 silly get     'x-cache-hits': '1',
33 silly get     'x-timer': 'S1477352691.295384,VS0,VE0',
33 silly get     vary: 'Accept-Encoding' } ]
34 verbose get saving jade to /home/vagrant/.npm/registry.npmjs.org/jade/.cache.json
35 verbose correctMkdir /home/vagrant/.npm correctMkdir not in flight; initializing
36 silly resolveWithNewModule jade@1.11.0 checking installable status
37 silly cache add args [ 'jade@~1.11.0', null ]
38 verbose cache add spec jade@~1.11.0
39 silly cache add parsed spec Result {
39 silly cache add   raw: 'jade@~1.11.0',
39 silly cache add   scope: null,
39 silly cache add   escapedName: 'jade',
39 silly cache add   name: 'jade',
39 silly cache add   rawSpec: '~1.11.0',
39 silly cache add   spec: '>=1.11.0 <1.12.0',
39 silly cache add   type: 'range' }
40 silly addNamed jade@>=1.11.0 <1.12.0
41 verbose addNamed ">=1.11.0 <1.12.0" is a valid semver range for jade
42 silly addNameRange { name: 'jade', range: '>=1.11.0 <1.12.0', hasData: false }
43 silly mapToRegistry name jade
44 silly mapToRegistry using default registry
45 silly mapToRegistry registry https://registry.npmjs.org/
46 silly mapToRegistry data Result {
46 silly mapToRegistry   raw: 'jade',
46 silly mapToRegistry   scope: null,
46 silly mapToRegistry   escapedName: 'jade',
46 silly mapToRegistry   name: 'jade',
46 silly mapToRegistry   rawSpec: '',
46 silly mapToRegistry   spec: 'latest',
46 silly mapToRegistry   type: 'tag' }
47 silly mapToRegistry uri https://registry.npmjs.org/jade
48 verbose addNameRange registry:https://registry.npmjs.org/jade not in flight; fetching
49 verbose get https://registry.npmjs.org/jade not expired, no request
50 silly addNameRange number 2 { name: 'jade', range: '>=1.11.0 <1.12.0', hasData: true }
51 silly addNameRange versions [ 'jade',
51 silly addNameRange   [ '0.0.1',
51 silly addNameRange     '0.0.2',
51 silly addNameRange     '0.1.0',
51 silly addNameRange     '0.2.0',
51 silly addNameRange     '0.2.1',
51 silly addNameRange     '0.2.2',
51 silly addNameRange     '0.2.3',
51 silly addNameRange     '0.2.4',
51 silly addNameRange     '0.3.0',
51 silly addNameRange     '0.4.0',
51 silly addNameRange     '0.4.1',
51 silly addNameRange     '0.5.0',
51 silly addNameRange     '0.5.1',
51 silly addNameRange     '0.5.2',
51 silly addNameRange     '0.5.3',
51 silly addNameRange     '0.5.4',
51 silly addNameRange     '0.5.5',
51 silly addNameRange     '0.5.6',
51 silly addNameRange     '0.5.7',
51 silly addNameRange     '0.6.0',
51 silly addNameRange     '0.6.1',
51 silly addNameRange     '0.6.3',
51 silly addNameRange     '0.7.0',
51 silly addNameRange     '0.7.1',
51 silly addNameRange     '0.8.0',
51 silly addNameRange     '0.8.1',
51 silly addNameRange     '0.8.2',
51 silly addNameRange     '0.8.3',
51 silly addNameRange     '0.8.4',
51 silly addNameRange     '0.8.5',
51 silly addNameRange     '0.8.6',
51 silly addNameRange     '0.8.7',
51 silly addNameRange     '0.8.8',
51 silly addNameRange     '0.8.9',
51 silly addNameRange     '0.9.0',
51 silly addNameRange     '0.9.1',
51 silly addNameRange     '0.9.2',
51 silly addNameRange     '0.9.3',
51 silly addNameRange     '0.10.0',
51 silly addNameRange     '0.10.1',
51 silly addNameRange     '0.10.2',
51 silly addNameRange     '0.10.3',
51 silly addNameRange     '0.10.4',
51 silly addNameRange     '0.10.5',
51 silly addNameRange     '0.10.6',
51 silly addNameRange     '0.10.7',
51 silly addNameRange     '0.11.0',
51 silly addNameRange     '0.11.1',
51 silly addNameRange     '0.12.0',
51 silly addNameRange     '0.12.1',
51 silly addNameRange     '0.12.2',
51 silly addNameRange     '0.12.3',
51 silly addNameRange     '0.12.4',
51 silly addNameRange     '0.13.0',
51 silly addNameRange     '0.14.0',
51 silly addNameRange     '0.14.1',
51 silly addNameRange     '0.14.2',
51 silly addNameRange     '0.15.0',
51 silly addNameRange     '0.15.1',
51 silly addNameRange     '0.15.2',
51 silly addNameRange     '0.15.3',
51 silly addNameRange     '0.15.4',
51 silly addNameRange     '0.16.0',
51 silly addNameRange     '0.16.1',
51 silly addNameRange     '0.16.2',
51 silly addNameRange     '0.16.3',
51 silly addNameRange     '0.16.4',
51 silly addNameRange     '0.17.0',
51 silly addNameRange     '0.18.0',
51 silly addNameRange     '0.19.0',
51 silly addNameRange     '0.20.0',
51 silly addNameRange     '0.20.1',
51 silly addNameRange     '0.20.2',
51 silly addNameRange     '0.20.3',
51 silly addNameRange     '0.21.0',
51 silly addNameRange     '0.22.0',
51 silly addNameRange     '0.22.1',
51 silly addNameRange     '0.23.0',
51 silly addNameRange     '0.24.0',
51 silly addNameRange     '0.25.0',
51 silly addNameRange     '0.26.0',
51 silly addNameRange     '0.26.1',
51 silly addNameRange     '0.26.2',
51 silly addNameRange     '0.26.3',
51 silly addNameRange     '0.27.0',
51 silly addNameRange     '0.27.1',
51 silly addNameRange     '0.27.2',
51 silly addNameRange     '0.27.3',
51 silly addNameRange     '0.27.4',
51 silly addNameRange     '0.27.5',
51 silly addNameRange     '0.27.6',
51 silly addNameRange     '0.27.7',
51 silly addNameRange     '0.28.0',
51 silly addNameRange     '0.28.1',
51 silly addNameRange     '0.28.2',
51 silly addNameRange     '0.29.0',
51 silly addNameRange     '0.30.0',
51 silly addNameRange     '0.31.0',
51 silly addNameRange     '0.31.1',
51 silly addNameRange     '0.31.2',
51 silly addNameRange     ... 31 more items ] ]
52 silly addNamed jade@1.11.0
53 verbose addNamed "1.11.0" is a plain semver version for jade
54 warn deprecated jade@1.11.0: Jade has been renamed to pug, please install the latest version of pug instead of jade
55 silly cache afterAdd jade@1.11.0
56 verbose afterAdd /home/vagrant/.npm/jade/1.11.0/package/package.json not in flight; writing
57 verbose correctMkdir /home/vagrant/.npm correctMkdir not in flight; initializing
58 verbose afterAdd /home/vagrant/.npm/jade/1.11.0/package/package.json written
59 silly fetchNamedPackageData constantinople
60 silly mapToRegistry name constantinople
61 silly mapToRegistry using default registry
62 silly mapToRegistry registry https://registry.npmjs.org/
63 silly mapToRegistry data Result {
63 silly mapToRegistry   raw: 'constantinople',
63 silly mapToRegistry   scope: null,
63 silly mapToRegistry   escapedName: 'constantinople',
63 silly mapToRegistry   name: 'constantinople',
63 silly mapToRegistry   rawSpec: '',
63 silly mapToRegistry   spec: 'latest',
63 silly mapToRegistry   type: 'tag' }
64 silly mapToRegistry uri https://registry.npmjs.org/constantinople
65 verbose request uri https://registry.npmjs.org/constantinople
66 verbose request no auth needed
67 info attempt registry request try #1 at 11:44:51 PM
68 verbose etag "CEF4OOMTVAYSEIL5QNT4SB8FT"
69 http request GET https://registry.npmjs.org/constantinople
70 http 304 https://registry.npmjs.org/constantinople
71 verbose headers { date: 'Mon, 24 Oct 2016 23:44:51 GMT',
71 verbose headers   via: '1.1 varnish',
71 verbose headers   'cache-control': 'max-age=300',
71 verbose headers   etag: '"CEF4OOMTVAYSEIL5QNT4SB8FT"',
71 verbose headers   age: '22',
71 verbose headers   connection: 'keep-alive',
71 verbose headers   'x-served-by': 'cache-lax8646-LAX',
71 verbose headers   'x-cache': 'HIT',
71 verbose headers   'x-cache-hits': '2',
71 verbose headers   'x-timer': 'S1477352691.579338,VS0,VE0',
71 verbose headers   vary: 'Accept-Encoding' }
72 silly get cb [ 304,
72 silly get   { date: 'Mon, 24 Oct 2016 23:44:51 GMT',
72 silly get     via: '1.1 varnish',
72 silly get     'cache-control': 'max-age=300',
72 silly get     etag: '"CEF4OOMTVAYSEIL5QNT4SB8FT"',
72 silly get     age: '22',
72 silly get     connection: 'keep-alive',
72 silly get     'x-served-by': 'cache-lax8646-LAX',
72 silly get     'x-cache': 'HIT',
72 silly get     'x-cache-hits': '2',
72 silly get     'x-timer': 'S1477352691.579338,VS0,VE0',
72 silly get     vary: 'Accept-Encoding' } ]
73 verbose etag https://registry.npmjs.org/constantinople from cache
74 verbose get saving constantinople to /home/vagrant/.npm/registry.npmjs.org/constantinople/.cache.json
75 verbose correctMkdir /home/vagrant/.npm correctMkdir not in flight; initializing
76 silly resolveWithNewModule constantinople@3.0.2 checking installable status
77 silly cache add args [ 'constantinople@~3.0.1', null ]
78 verbose cache add spec constantinople@~3.0.1
79 silly cache add parsed spec Result {
79 silly cache add   raw: 'constantinople@~3.0.1',
79 silly cache add   scope: null,
79 silly cache add   escapedName: 'constantinople',
79 silly cache add   name: 'constantinople',
79 silly cache add   rawSpec: '~3.0.1',
79 silly cache add   spec: '>=3.0.1 <3.1.0',
79 silly cache add   type: 'range' }
80 silly addNamed constantinople@>=3.0.1 <3.1.0
81 verbose addNamed ">=3.0.1 <3.1.0" is a valid semver range for constantinople
82 silly addNameRange { name: 'constantinople',
82 silly addNameRange   range: '>=3.0.1 <3.1.0',
82 silly addNameRange   hasData: false }
83 silly mapToRegistry name constantinople
84 silly mapToRegistry using default registry
85 silly mapToRegistry registry https://registry.npmjs.org/
86 silly mapToRegistry data Result {
86 silly mapToRegistry   raw: 'constantinople',
86 silly mapToRegistry   scope: null,
86 silly mapToRegistry   escapedName: 'constantinople',
86 silly mapToRegistry   name: 'constantinople',
86 silly mapToRegistry   rawSpec: '',
86 silly mapToRegistry   spec: 'latest',
86 silly mapToRegistry   type: 'tag' }
87 silly mapToRegistry uri https://registry.npmjs.org/constantinople
88 verbose addNameRange registry:https://registry.npmjs.org/constantinople not in flight; fetching
89 verbose get https://registry.npmjs.org/constantinople not expired, no request
90 silly addNameRange number 2 { name: 'constantinople',
90 silly addNameRange   range: '>=3.0.1 <3.1.0',
90 silly addNameRange   hasData: true }
91 silly addNameRange versions [ 'constantinople',
91 silly addNameRange   [ '1.0.0',
91 silly addNameRange     '1.0.1',
91 silly addNameRange     '1.0.2',
91 silly addNameRange     '2.0.0',
91 silly addNameRange     '2.0.1',
91 silly addNameRange     '3.0.0',
91 silly addNameRange     '3.0.1',
91 silly addNameRange     '3.0.2',
91 silly addNameRange     '3.1.0' ] ]
92 silly addNamed constantinople@3.0.2
93 verbose addNamed "3.0.2" is a plain semver version for constantinople
94 silly cache afterAdd constantinople@3.0.2
95 verbose afterAdd /home/vagrant/.npm/constantinople/3.0.2/package/package.json not in flight; writing
96 verbose correctMkdir /home/vagrant/.npm correctMkdir not in flight; initializing
97 verbose afterAdd /home/vagrant/.npm/constantinople/3.0.2/package/package.json written
98 silly fetchNamedPackageData acorn
99 silly mapToRegistry name acorn
100 silly mapToRegistry using default registry
101 silly mapToRegistry registry https://registry.npmjs.org/
102 silly mapToRegistry data Result {
102 silly mapToRegistry   raw: 'acorn',
102 silly mapToRegistry   scope: null,
102 silly mapToRegistry   escapedName: 'acorn',
102 silly mapToRegistry   name: 'acorn',
102 silly mapToRegistry   rawSpec: '',
102 silly mapToRegistry   spec: 'latest',
102 silly mapToRegistry   type: 'tag' }
103 silly mapToRegistry uri https://registry.npmjs.org/acorn
104 verbose request uri https://registry.npmjs.org/acorn
105 verbose request no auth needed
106 info attempt registry request try #1 at 11:44:51 PM
107 verbose etag "DEDA2MYRQHLDJD4VRNJJLJE4W"
108 http request GET https://registry.npmjs.org/acorn
109 http 304 https://registry.npmjs.org/acorn
110 verbose headers { date: 'Mon, 24 Oct 2016 23:44:51 GMT',
110 verbose headers   via: '1.1 varnish',
110 verbose headers   'cache-control': 'max-age=300',
110 verbose headers   etag: '"DEDA2MYRQHLDJD4VRNJJLJE4W"',
110 verbose headers   age: '79',
110 verbose headers   connection: 'keep-alive',
110 verbose headers   'x-served-by': 'cache-lax8646-LAX',
110 verbose headers   'x-cache': 'HIT',
110 verbose headers   'x-cache-hits': '1',
110 verbose headers   'x-timer': 'S1477352691.625391,VS0,VE0',
110 verbose headers   vary: 'Accept-Encoding' }
111 silly get cb [ 304,
111 silly get   { date: 'Mon, 24 Oct 2016 23:44:51 GMT',
111 silly get     via: '1.1 varnish',
111 silly get     'cache-control': 'max-age=300',
111 silly get     etag: '"DEDA2MYRQHLDJD4VRNJJLJE4W"',
111 silly get     age: '79',
111 silly get     connection: 'keep-alive',
111 silly get     'x-served-by': 'cache-lax8646-LAX',
111 silly get     'x-cache': 'HIT',
111 silly get     'x-cache-hits': '1',
111 silly get     'x-timer': 'S1477352691.625391,VS0,VE0',
111 silly get     vary: 'Accept-Encoding' } ]
112 verbose etag https://registry.npmjs.org/acorn from cache
113 verbose get saving acorn to /home/vagrant/.npm/registry.npmjs.org/acorn/.cache.json
114 verbose correctMkdir /home/vagrant/.npm correctMkdir not in flight; initializing
115 silly resolveWithNewModule acorn@2.7.0 checking installable status
116 silly cache add args [ 'acorn@^2.1.0', null ]
117 verbose cache add spec acorn@^2.1.0
118 silly cache add parsed spec Result {
118 silly cache add   raw: 'acorn@^2.1.0',
118 silly cache add   scope: null,
118 silly cache add   escapedName: 'acorn',
118 silly cache add   name: 'acorn',
118 silly cache add   rawSpec: '^2.1.0',
118 silly cache add   spec: '>=2.1.0 <3.0.0',
118 silly cache add   type: 'range' }
119 silly addNamed acorn@>=2.1.0 <3.0.0
120 verbose addNamed ">=2.1.0 <3.0.0" is a valid semver range for acorn
121 silly addNameRange { name: 'acorn', range: '>=2.1.0 <3.0.0', hasData: false }
122 silly mapToRegistry name acorn
123 silly mapToRegistry using default registry
124 silly mapToRegistry registry https://registry.npmjs.org/
125 silly mapToRegistry data Result {
125 silly mapToRegistry   raw: 'acorn',
125 silly mapToRegistry   scope: null,
125 silly mapToRegistry   escapedName: 'acorn',
125 silly mapToRegistry   name: 'acorn',
125 silly mapToRegistry   rawSpec: '',
125 silly mapToRegistry   spec: 'latest',
125 silly mapToRegistry   type: 'tag' }
126 silly mapToRegistry uri https://registry.npmjs.org/acorn
127 verbose addNameRange registry:https://registry.npmjs.org/acorn not in flight; fetching
128 verbose get https://registry.npmjs.org/acorn not expired, no request
129 silly addNameRange number 2 { name: 'acorn', range: '>=2.1.0 <3.0.0', hasData: true }
130 silly addNameRange versions [ 'acorn',
130 silly addNameRange   [ '0.0.1',
130 silly addNameRange     '0.1.0',
130 silly addNameRange     '0.2.0',
130 silly addNameRange     '0.3.0',
130 silly addNameRange     '0.3.1',
130 silly addNameRange     '0.4.0',
130 silly addNameRange     '0.4.2',
130 silly addNameRange     '0.5.0',
130 silly addNameRange     '0.6.0',
130 silly addNameRange     '0.7.0',
130 silly addNameRange     '0.8.0',
130 silly addNameRange     '0.9.0',
130 silly addNameRange     '0.10.0',
130 silly addNameRange     '0.11.0',
130 silly addNameRange     '0.12.0',
130 silly addNameRange     '1.0.0',
130 silly addNameRange     '1.0.1',
130 silly addNameRange     '1.0.3',
130 silly addNameRange     '1.1.0',
130 silly addNameRange     '1.2.0',
130 silly addNameRange     '2.0.0',
130 silly addNameRange     '1.2.1',
130 silly addNameRange     '2.0.1',
130 silly addNameRange     '1.2.2',
130 silly addNameRange     '2.0.4',
130 silly addNameRange     '2.1.0',
130 silly addNameRange     '2.2.0',
130 silly addNameRange     '2.3.0',
130 silly addNameRange     '2.4.0',
130 silly addNameRange     '2.5.0',
130 silly addNameRange     '2.5.2',
130 silly addNameRange     '2.6.0',
130 silly addNameRange     '2.6.2',
130 silly addNameRange     '2.6.4',
130 silly addNameRange     '2.7.0',
130 silly addNameRange     '3.0.0',
130 silly addNameRange     '3.0.2',
130 silly addNameRange     '3.0.4',
130 silly addNameRange     '3.1.0',
130 silly addNameRange     '3.2.0',
130 silly addNameRange     '3.3.0',
130 silly addNameRange     '4.0.0',
130 silly addNameRange     '4.0.1',
130 silly addNameRange     '4.0.2',
130 silly addNameRange     '4.0.3' ] ]
131 silly addNamed acorn@2.7.0
132 verbose addNamed "2.7.0" is a plain semver version for acorn
133 silly cache afterAdd acorn@2.7.0
134 verbose afterAdd /home/vagrant/.npm/acorn/2.7.0/package/package.json not in flight; writing
135 verbose correctMkdir /home/vagrant/.npm correctMkdir not in flight; initializing
136 verbose afterAdd /home/vagrant/.npm/acorn/2.7.0/package/package.json written
137 silly loadAllDepsIntoIdealTree Finishing
138 silly loadIdealTree Finishing
139 silly currentTree Watch-This-Movie@0.0.0
139 silly currentTree ├── accepts@1.3.3
139 silly currentTree ├── acorn-globals@1.0.9
139 silly currentTree ├── align-text@0.1.4
139 silly currentTree ├── amdefine@1.0.0
139 silly currentTree ├── ansi-regex@2.0.0
139 silly currentTree ├── ansi-styles@2.2.1
139 silly currentTree ├── array-flatten@1.1.1
139 silly currentTree ├── asap@1.0.0
139 silly currentTree ├── asn1@0.2.3
139 silly currentTree ├── assert-plus@0.2.0
139 silly currentTree ├── async@2.0.1
139 silly currentTree ├── asynckit@0.4.0
139 silly currentTree ├── aws-sign2@0.6.0
139 silly currentTree ├── aws4@1.5.0
139 silly currentTree ├── basic-auth@1.0.4
139 silly currentTree ├── bcrypt-pbkdf@1.0.0
139 silly currentTree ├─┬ bl@1.1.2
139 silly currentTree │ └── readable-stream@2.0.6
139 silly currentTree ├── bluebird@2.10.2
139 silly currentTree ├─┬ body-parser@1.15.2
139 silly currentTree │ └── debug@2.2.0
139 silly currentTree ├── boom@2.10.1
139 silly currentTree ├── bson@0.5.6
139 silly currentTree ├── buffer-shims@1.0.0
139 silly currentTree ├── bytes@2.4.0
139 silly currentTree ├── camelcase@1.2.1
139 silly currentTree ├── caseless@0.11.0
139 silly currentTree ├── center-align@0.1.3
139 silly currentTree ├── chalk@1.1.3
139 silly currentTree ├── character-parser@1.2.1
139 silly currentTree ├─┬ clean-css@3.4.20
139 silly currentTree │ └── commander@2.8.1
139 silly currentTree ├─┬ cliui@2.1.0
139 silly currentTree │ └── wordwrap@0.0.2
139 silly currentTree ├── combined-stream@1.0.5
139 silly currentTree ├── commander@2.6.0
139 silly currentTree ├── content-disposition@0.5.1
139 silly currentTree ├── content-type@1.0.2
139 silly currentTree ├─┬ cookie-parser@1.4.3
139 silly currentTree │ └── cookie@0.3.1
139 silly currentTree ├── cookie-signature@1.0.6
139 silly currentTree ├── cookie@0.3.1
139 silly currentTree ├── core-util-is@1.0.2
139 silly currentTree ├── cryptiles@2.0.5
139 silly currentTree ├── css-parse@1.0.4
139 silly currentTree ├── css-stringify@1.0.5
139 silly currentTree ├── css@1.0.8
139 silly currentTree ├─┬ dashdash@1.14.0
139 silly currentTree │ └── assert-plus@1.0.0
139 silly currentTree ├── debug@2.2.0
139 silly currentTree ├── decamelize@1.2.0
139 silly currentTree ├── delayed-stream@1.0.0
139 silly currentTree ├── depd@1.1.0
139 silly currentTree ├── destroy@1.0.4
139 silly currentTree ├── ecc-jsbn@0.1.1
139 silly currentTree ├── ee-first@1.1.1
139 silly currentTree ├── encodeurl@1.0.1
139 silly currentTree ├── es6-promise@3.2.1
139 silly currentTree ├── escape-html@1.0.3
139 silly currentTree ├── escape-string-regexp@1.0.5
139 silly currentTree ├── etag@1.7.0
139 silly currentTree ├── express@4.14.0
139 silly currentTree ├── extend@3.0.0
139 silly currentTree ├── extsprintf@1.0.2
139 silly currentTree ├── finalhandler@0.5.0
139 silly currentTree ├── forever-agent@0.6.1
139 silly currentTree ├── form-data@2.0.0
139 silly currentTree ├── forwarded@0.1.0
139 silly currentTree ├── fresh@0.3.0
139 silly currentTree ├── generate-function@2.0.0
139 silly currentTree ├── generate-object-property@1.2.0
139 silly currentTree ├─┬ getpass@0.1.6
139 silly currentTree │ └── assert-plus@1.0.0
139 silly currentTree ├── graceful-readlink@1.0.1
139 silly currentTree ├─┬ har-validator@2.0.6
139 silly currentTree │ └── commander@2.9.0
139 silly currentTree ├── has-ansi@2.0.0
139 silly currentTree ├── hawk@3.1.3
139 silly currentTree ├── hoek@2.16.3
139 silly currentTree ├── hooks-fixed@1.2.0
139 silly currentTree ├── http-errors@1.5.0
139 silly currentTree ├── http-signature@1.1.1
139 silly currentTree ├── iconv-lite@0.4.13
139 silly currentTree ├── inherits@2.0.1
139 silly currentTree ├── ipaddr.js@1.1.1
139 silly currentTree ├── is-buffer@1.1.4
139 silly currentTree ├── is-my-json-valid@2.15.0
139 silly currentTree ├── is-promise@2.1.0
139 silly currentTree ├── is-property@1.0.2
139 silly currentTree ├── is-typedarray@1.0.0
139 silly currentTree ├── isarray@1.0.0
139 silly currentTree ├── isstream@0.1.2
139 silly currentTree ├── jodid25519@1.0.2
139 silly currentTree ├── jsbn@0.1.0
139 silly currentTree ├── json-schema@0.2.3
139 silly currentTree ├── json-stringify-safe@5.0.1
139 silly currentTree ├── jsonpointer@4.0.0
139 silly currentTree ├── jsprim@1.3.1
139 silly currentTree ├── jstransformer@0.0.2
139 silly currentTree ├── kareem@1.1.3
139 silly currentTree ├── kind-of@3.0.4
139 silly currentTree ├── lazy-cache@1.0.4
139 silly currentTree ├── lodash@4.16.4
139 silly currentTree ├── longest@1.0.1
139 silly currentTree ├── media-typer@0.3.0
139 silly currentTree ├── merge-descriptors@1.0.1
139 silly currentTree ├── methods@1.1.2
139 silly currentTree ├── mime-db@1.24.0
139 silly currentTree ├── mime-types@2.1.12
139 silly currentTree ├── mime@1.3.4
139 silly currentTree ├── minimist@0.0.8
139 silly currentTree ├── mkdirp@0.5.1
139 silly currentTree ├── mongodb-core@2.0.13
139 silly currentTree ├── mongodb@2.2.11
139 silly currentTree ├── mongoose@4.6.5
139 silly currentTree ├── morgan@1.7.0
139 silly currentTree ├── mpath@0.2.1
139 silly currentTree ├── mpromise@0.5.5
139 silly currentTree ├─┬ mquery@2.0.0
139 silly currentTree │ └── sliced@0.0.5
139 silly currentTree ├── ms@0.7.1
139 silly currentTree ├── muri@1.1.1
139 silly currentTree ├── negotiator@0.6.1
139 silly currentTree ├── node-uuid@1.4.7
139 silly currentTree ├── oauth-sign@0.8.2
139 silly currentTree ├── on-finished@2.3.0
139 silly currentTree ├── on-headers@1.0.1
139 silly currentTree ├── optimist@0.3.7
139 silly currentTree ├── parseurl@1.3.1
139 silly currentTree ├── path-to-regexp@0.1.7
139 silly currentTree ├── path@0.12.7
139 silly currentTree ├── pinkie-promise@2.0.1
139 silly currentTree ├── pinkie@2.0.4
139 silly currentTree ├── process-nextick-args@1.0.7
139 silly currentTree ├── process@0.11.9
139 silly currentTree ├── promise@6.1.0
139 silly currentTree ├── proxy-addr@1.1.2
139 silly currentTree ├── qs@6.2.0
139 silly currentTree ├── range-parser@1.2.0
139 silly currentTree ├── raw-body@2.1.7
139 silly currentTree ├── readable-stream@2.1.5
139 silly currentTree ├── regexp-clone@0.0.1
139 silly currentTree ├── repeat-string@1.6.1
139 silly currentTree ├── request@2.75.0
139 silly currentTree ├── require_optional@1.0.0
139 silly currentTree ├── resolve-from@2.0.0
139 silly currentTree ├── right-align@0.1.3
139 silly currentTree ├── semver@5.3.0
139 silly currentTree ├── send@0.14.1
139 silly currentTree ├── serve-favicon@2.3.0
139 silly currentTree ├── serve-static@1.11.1
139 silly currentTree ├── setprototypeof@1.0.1
139 silly currentTree ├── sliced@1.0.1
139 silly currentTree ├── sntp@1.0.9
139 silly currentTree ├── source-map@0.4.4
139 silly currentTree ├─┬ sshpk@1.10.1
139 silly currentTree │ └── assert-plus@1.0.0
139 silly currentTree ├── statuses@1.3.0
139 silly currentTree ├── string_decoder@0.10.31
139 silly currentTree ├── stringstream@0.0.5
139 silly currentTree ├── strip-ansi@3.0.1
139 silly currentTree ├── supports-color@2.0.0
139 silly currentTree ├── tough-cookie@2.3.1
139 silly currentTree ├─┬ transformers@2.1.0
139 silly currentTree │ ├── is-promise@1.0.1
139 silly currentTree │ ├── promise@2.0.0
139 silly currentTree │ ├── source-map@0.1.43
139 silly currentTree │ └── uglify-js@2.2.5
139 silly currentTree ├── tunnel-agent@0.4.3
139 silly currentTree ├── tweetnacl@0.14.3
139 silly currentTree ├── type-is@1.6.13
139 silly currentTree ├─┬ uglify-js@2.7.4
139 silly currentTree │ ├── async@0.2.10
139 silly currentTree │ └── source-map@0.5.6
139 silly currentTree ├── uglify-to-browserify@1.0.2
139 silly currentTree ├── unpipe@1.0.0
139 silly currentTree ├── util-deprecate@1.0.2
139 silly currentTree ├── util@0.10.3
139 silly currentTree ├── utils-merge@1.0.0
139 silly currentTree ├── vary@1.1.0
139 silly currentTree ├── verror@1.3.6
139 silly currentTree ├── void-elements@2.0.1
139 silly currentTree ├── window-size@0.1.0
139 silly currentTree ├─┬ with@4.0.3
139 silly currentTree │ └── acorn@1.2.2
139 silly currentTree ├── wordwrap@0.0.3
139 silly currentTree ├── xtend@4.0.1
139 silly currentTree └── yargs@3.10.0
140 silly idealTree Watch-This-Movie@0.0.0
140 silly idealTree ├── accepts@1.3.3
140 silly idealTree ├── acorn-globals@1.0.9
140 silly idealTree ├── acorn@2.7.0
140 silly idealTree ├── align-text@0.1.4
140 silly idealTree ├── amdefine@1.0.0
140 silly idealTree ├── ansi-regex@2.0.0
140 silly idealTree ├── ansi-styles@2.2.1
140 silly idealTree ├── array-flatten@1.1.1
140 silly idealTree ├── asap@1.0.0
140 silly idealTree ├── asn1@0.2.3
140 silly idealTree ├── assert-plus@0.2.0
140 silly idealTree ├── async@2.0.1
140 silly idealTree ├── asynckit@0.4.0
140 silly idealTree ├── aws-sign2@0.6.0
140 silly idealTree ├── aws4@1.5.0
140 silly idealTree ├── basic-auth@1.0.4
140 silly idealTree ├── bcrypt-pbkdf@1.0.0
140 silly idealTree ├─┬ bl@1.1.2
140 silly idealTree │ └── readable-stream@2.0.6
140 silly idealTree ├── bluebird@2.10.2
140 silly idealTree ├─┬ body-parser@1.15.2
140 silly idealTree │ └── debug@2.2.0
140 silly idealTree ├── boom@2.10.1
140 silly idealTree ├── bson@0.5.6
140 silly idealTree ├── buffer-shims@1.0.0
140 silly idealTree ├── bytes@2.4.0
140 silly idealTree ├── camelcase@1.2.1
140 silly idealTree ├── caseless@0.11.0
140 silly idealTree ├── center-align@0.1.3
140 silly idealTree ├── chalk@1.1.3
140 silly idealTree ├── character-parser@1.2.1
140 silly idealTree ├─┬ clean-css@3.4.20
140 silly idealTree │ └── commander@2.8.1
140 silly idealTree ├─┬ cliui@2.1.0
140 silly idealTree │ └── wordwrap@0.0.2
140 silly idealTree ├── combined-stream@1.0.5
140 silly idealTree ├── commander@2.6.0
140 silly idealTree ├── constantinople@3.0.2
140 silly idealTree ├── content-disposition@0.5.1
140 silly idealTree ├── content-type@1.0.2
140 silly idealTree ├─┬ cookie-parser@1.4.3
140 silly idealTree │ └── cookie@0.3.1
140 silly idealTree ├── cookie-signature@1.0.6
140 silly idealTree ├── cookie@0.3.1
140 silly idealTree ├── core-util-is@1.0.2
140 silly idealTree ├── cryptiles@2.0.5
140 silly idealTree ├── css-parse@1.0.4
140 silly idealTree ├── css-stringify@1.0.5
140 silly idealTree ├── css@1.0.8
140 silly idealTree ├─┬ dashdash@1.14.0
140 silly idealTree │ └── assert-plus@1.0.0
140 silly idealTree ├── debug@2.2.0
140 silly idealTree ├── decamelize@1.2.0
140 silly idealTree ├── delayed-stream@1.0.0
140 silly idealTree ├── depd@1.1.0
140 silly idealTree ├── destroy@1.0.4
140 silly idealTree ├── ecc-jsbn@0.1.1
140 silly idealTree ├── ee-first@1.1.1
140 silly idealTree ├── encodeurl@1.0.1
140 silly idealTree ├── es6-promise@3.2.1
140 silly idealTree ├── escape-html@1.0.3
140 silly idealTree ├── escape-string-regexp@1.0.5
140 silly idealTree ├── etag@1.7.0
140 silly idealTree ├── express@4.14.0
140 silly idealTree ├── extend@3.0.0
140 silly idealTree ├── extsprintf@1.0.2
140 silly idealTree ├── finalhandler@0.5.0
140 silly idealTree ├── forever-agent@0.6.1
140 silly idealTree ├── form-data@2.0.0
140 silly idealTree ├── forwarded@0.1.0
140 silly idealTree ├── fresh@0.3.0
140 silly idealTree ├── generate-function@2.0.0
140 silly idealTree ├── generate-object-property@1.2.0
140 silly idealTree ├─┬ getpass@0.1.6
140 silly idealTree │ └── assert-plus@1.0.0
140 silly idealTree ├── graceful-readlink@1.0.1
140 silly idealTree ├─┬ har-validator@2.0.6
140 silly idealTree │ └── commander@2.9.0
140 silly idealTree ├── has-ansi@2.0.0
140 silly idealTree ├── hawk@3.1.3
140 silly idealTree ├── hoek@2.16.3
140 silly idealTree ├── hooks-fixed@1.2.0
140 silly idealTree ├── http-errors@1.5.0
140 silly idealTree ├── http-signature@1.1.1
140 silly idealTree ├── iconv-lite@0.4.13
140 silly idealTree ├── inherits@2.0.1
140 silly idealTree ├── ipaddr.js@1.1.1
140 silly idealTree ├── is-buffer@1.1.4
140 silly idealTree ├── is-my-json-valid@2.15.0
140 silly idealTree ├── is-promise@2.1.0
140 silly idealTree ├── is-property@1.0.2
140 silly idealTree ├── is-typedarray@1.0.0
140 silly idealTree ├── isarray@1.0.0
140 silly idealTree ├── isstream@0.1.2
140 silly idealTree ├── jade@1.11.0
140 silly idealTree ├── jodid25519@1.0.2
140 silly idealTree ├── jsbn@0.1.0
140 silly idealTree ├── json-schema@0.2.3
140 silly idealTree ├── json-stringify-safe@5.0.1
140 silly idealTree ├── jsonpointer@4.0.0
140 silly idealTree ├── jsprim@1.3.1
140 silly idealTree ├── jstransformer@0.0.2
140 silly idealTree ├── kareem@1.1.3
140 silly idealTree ├── kind-of@3.0.4
140 silly idealTree ├── lazy-cache@1.0.4
140 silly idealTree ├── lodash@4.16.4
140 silly idealTree ├── longest@1.0.1
140 silly idealTree ├── media-typer@0.3.0
140 silly idealTree ├── merge-descriptors@1.0.1
140 silly idealTree ├── methods@1.1.2
140 silly idealTree ├── mime-db@1.24.0
140 silly idealTree ├── mime-types@2.1.12
140 silly idealTree ├── mime@1.3.4
140 silly idealTree ├── minimist@0.0.8
140 silly idealTree ├── mkdirp@0.5.1
140 silly idealTree ├── mongodb-core@2.0.13
140 silly idealTree ├── mongodb@2.2.11
140 silly idealTree ├── mongoose@4.6.5
140 silly idealTree ├── morgan@1.7.0
140 silly idealTree ├── mpath@0.2.1
140 silly idealTree ├── mpromise@0.5.5
140 silly idealTree ├─┬ mquery@2.0.0
140 silly idealTree │ └── sliced@0.0.5
140 silly idealTree ├── ms@0.7.1
140 silly idealTree ├── muri@1.1.1
140 silly idealTree ├── negotiator@0.6.1
140 silly idealTree ├── node-uuid@1.4.7
140 silly idealTree ├── oauth-sign@0.8.2
140 silly idealTree ├── on-finished@2.3.0
140 silly idealTree ├── on-headers@1.0.1
140 silly idealTree ├── optimist@0.3.7
140 silly idealTree ├── parseurl@1.3.1
140 silly idealTree ├── path-to-regexp@0.1.7
140 silly idealTree ├── path@0.12.7
140 silly idealTree ├── pinkie-promise@2.0.1
140 silly idealTree ├── pinkie@2.0.4
140 silly idealTree ├── process-nextick-args@1.0.7
140 silly idealTree ├── process@0.11.9
140 silly idealTree ├── promise@6.1.0
140 silly idealTree ├── proxy-addr@1.1.2
140 silly idealTree ├── qs@6.2.0
140 silly idealTree ├── range-parser@1.2.0
140 silly idealTree ├── raw-body@2.1.7
140 silly idealTree ├── readable-stream@2.1.5
140 silly idealTree ├── regexp-clone@0.0.1
140 silly idealTree ├── repeat-string@1.6.1
140 silly idealTree ├── request@2.75.0
140 silly idealTree ├── require_optional@1.0.0
140 silly idealTree ├── resolve-from@2.0.0
140 silly idealTree ├── right-align@0.1.3
140 silly idealTree ├── semver@5.3.0
140 silly idealTree ├── send@0.14.1
140 silly idealTree ├── serve-favicon@2.3.0
140 silly idealTree ├── serve-static@1.11.1
140 silly idealTree ├── setprototypeof@1.0.1
140 silly idealTree ├── sliced@1.0.1
140 silly idealTree ├── sntp@1.0.9
140 silly idealTree ├── source-map@0.4.4
140 silly idealTree ├─┬ sshpk@1.10.1
140 silly idealTree │ └── assert-plus@1.0.0
140 silly idealTree ├── statuses@1.3.0
140 silly idealTree ├── string_decoder@0.10.31
140 silly idealTree ├── stringstream@0.0.5
140 silly idealTree ├── strip-ansi@3.0.1
140 silly idealTree ├── supports-color@2.0.0
140 silly idealTree ├── tough-cookie@2.3.1
140 silly idealTree ├─┬ transformers@2.1.0
140 silly idealTree │ ├── is-promise@1.0.1
140 silly idealTree │ ├── promise@2.0.0
140 silly idealTree │ ├── source-map@0.1.43
140 silly idealTree │ └── uglify-js@2.2.5
140 silly idealTree ├── tunnel-agent@0.4.3
140 silly idealTree ├── tweetnacl@0.14.3
140 silly idealTree ├── type-is@1.6.13
140 silly idealTree ├─┬ uglify-js@2.7.4
140 silly idealTree │ ├── async@0.2.10
140 silly idealTree │ └── source-map@0.5.6
140 silly idealTree ├── uglify-to-browserify@1.0.2
140 silly idealTree ├── unpipe@1.0.0
140 silly idealTree ├── util-deprecate@1.0.2
140 silly idealTree ├── util@0.10.3
140 silly idealTree ├── utils-merge@1.0.0
140 silly idealTree ├── vary@1.1.0
140 silly idealTree ├── verror@1.3.6
140 silly idealTree ├── void-elements@2.0.1
140 silly idealTree ├── window-size@0.1.0
140 silly idealTree ├─┬ with@4.0.3
140 silly idealTree │ └── acorn@1.2.2
140 silly idealTree ├── wordwrap@0.0.3
140 silly idealTree ├── xtend@4.0.1
140 silly idealTree └── yargs@3.10.0
141 silly generateActionsToTake Starting
142 silly install generateActionsToTake
143 silly generateActionsToTake Finishing
144 silly diffTrees action count 3
145 silly diffTrees add acorn@2.7.0
146 silly diffTrees add constantinople@3.0.2
147 silly diffTrees add jade@1.11.0
148 silly decomposeActions action count 24
149 silly decomposeActions fetch acorn@2.7.0
150 silly decomposeActions extract acorn@2.7.0
151 silly decomposeActions test acorn@2.7.0
152 silly decomposeActions preinstall acorn@2.7.0
153 silly decomposeActions build acorn@2.7.0
154 silly decomposeActions install acorn@2.7.0
155 silly decomposeActions postinstall acorn@2.7.0
156 silly decomposeActions finalize acorn@2.7.0
157 silly decomposeActions fetch constantinople@3.0.2
158 silly decomposeActions extract constantinople@3.0.2
159 silly decomposeActions test constantinople@3.0.2
160 silly decomposeActions preinstall constantinople@3.0.2
161 silly decomposeActions build constantinople@3.0.2
162 silly decomposeActions install constantinople@3.0.2
163 silly decomposeActions postinstall constantinople@3.0.2
164 silly decomposeActions finalize constantinople@3.0.2
165 silly decomposeActions fetch jade@1.11.0
166 silly decomposeActions extract jade@1.11.0
167 silly decomposeActions test jade@1.11.0
168 silly decomposeActions preinstall jade@1.11.0
169 silly decomposeActions build jade@1.11.0
170 silly decomposeActions install jade@1.11.0
171 silly decomposeActions postinstall jade@1.11.0
172 silly decomposeActions finalize jade@1.11.0
173 silly runTopLevelLifecycles Starting
174 silly install runPreinstallTopLevelLifecycles
175 silly preinstall Watch-This-Movie@0.0.0 /vagrant/shared/Watch-This-Movie-master/Watch-This-Movie-4f6b6405
176 info lifecycle Watch-This-Movie@0.0.0~preinstall: Watch-This-Movie@0.0.0
177 silly lifecycle Watch-This-Movie@0.0.0~preinstall: no script for preinstall, continuing
178 silly executeActions Starting
179 silly install executeActions
180 silly doSerial global-install 0
181 silly doParallel fetch 3
182 verbose correctMkdir /home/vagrant/.npm/_locks correctMkdir not in flight; initializing
183 verbose lock using /home/vagrant/.npm/_locks/staging-406e83bff298a042.lock for /vagrant/shared/Watch-This-Movie-master/node_modules/.staging
184 silly doParallel extract 3
185 silly extract acorn@2.7.0
186 silly extract constantinople@3.0.2
187 silly extract jade@1.11.0
188 verbose unbuild node_modules/.staging/constantinople-8ab1427f
189 verbose unbuild node_modules/.staging/acorn-0c5cad79
190 verbose unbuild node_modules/.staging/jade-274febd2
191 silly gentlyRm /vagrant/shared/Watch-This-Movie-master/node_modules/.staging/constantinople-8ab1427f is being purged from base /vagrant/shared/Watch-This-Movie-master
192 verbose gentlyRm don't care about contents; nuking /vagrant/shared/Watch-This-Movie-master/node_modules/.staging/constantinople-8ab1427f
193 silly gentlyRm /vagrant/shared/Watch-This-Movie-master/node_modules/.staging/acorn-0c5cad79 is being purged from base /vagrant/shared/Watch-This-Movie-master
194 verbose gentlyRm don't care about contents; nuking /vagrant/shared/Watch-This-Movie-master/node_modules/.staging/acorn-0c5cad79
195 verbose tar unpack /home/vagrant/.npm/constantinople/3.0.2/package.tgz
196 verbose tar unpacking to /vagrant/shared/Watch-This-Movie-master/node_modules/.staging/constantinople-8ab1427f
197 silly gentlyRm /vagrant/shared/Watch-This-Movie-master/node_modules/.staging/constantinople-8ab1427f is being purged
198 verbose gentlyRm don't care about contents; nuking /vagrant/shared/Watch-This-Movie-master/node_modules/.staging/constantinople-8ab1427f
199 silly gentlyRm /vagrant/shared/Watch-This-Movie-master/node_modules/.staging/jade-274febd2 is being purged from base /vagrant/shared/Watch-This-Movie-master
200 verbose gentlyRm don't care about contents; nuking /vagrant/shared/Watch-This-Movie-master/node_modules/.staging/jade-274febd2
201 verbose tar unpack /home/vagrant/.npm/acorn/2.7.0/package.tgz
202 verbose tar unpacking to /vagrant/shared/Watch-This-Movie-master/node_modules/.staging/acorn-0c5cad79
203 silly gentlyRm /vagrant/shared/Watch-This-Movie-master/node_modules/.staging/acorn-0c5cad79 is being purged
204 verbose gentlyRm don't care about contents; nuking /vagrant/shared/Watch-This-Movie-master/node_modules/.staging/acorn-0c5cad79
205 silly gunzTarPerm modes [ '775', '664' ]
206 verbose tar unpack /home/vagrant/.npm/jade/1.11.0/package.tgz
207 verbose tar unpacking to /vagrant/shared/Watch-This-Movie-master/node_modules/.staging/jade-274febd2
208 silly gentlyRm /vagrant/shared/Watch-This-Movie-master/node_modules/.staging/jade-274febd2 is being purged
209 verbose gentlyRm don't care about contents; nuking /vagrant/shared/Watch-This-Movie-master/node_modules/.staging/jade-274febd2
210 silly gunzTarPerm modes [ '775', '664' ]
211 silly gunzTarPerm modes [ '775', '664' ]
212 silly gunzTarPerm extractEntry package.json
213 silly gunzTarPerm modified mode [ 'package.json', 420, 436 ]
214 silly gunzTarPerm extractEntry package.json
215 silly gunzTarPerm modified mode [ 'package.json', 420, 436 ]
216 silly gunzTarPerm extractEntry package.json
217 silly gunzTarPerm extractEntry .npmignore
218 silly gunzTarPerm modified mode [ '.npmignore', 420, 436 ]
219 silly gunzTarPerm extractEntry README.md
220 silly gunzTarPerm modified mode [ 'README.md', 420, 436 ]
221 silly gunzTarPerm extractEntry .npmignore
222 silly gunzTarPerm modified mode [ '.npmignore', 420, 436 ]
223 silly gunzTarPerm extractEntry README.md
224 silly gunzTarPerm modified mode [ 'README.md', 420, 436 ]
225 silly gunzTarPerm extractEntry .npmignore
226 silly gunzTarPerm extractEntry README.md
227 silly gunzTarPerm extractEntry LICENSE
228 silly gunzTarPerm modified mode [ 'LICENSE', 420, 436 ]
229 silly gunzTarPerm extractEntry index.js
230 silly gunzTarPerm modified mode [ 'index.js', 420, 436 ]
231 silly gunzTarPerm extractEntry LICENSE
232 silly gunzTarPerm modified mode [ 'LICENSE', 420, 436 ]
233 silly gunzTarPerm extractEntry LICENSE
234 silly gunzTarPerm extractEntry jade.js
235 silly gunzTarPerm extractEntry .gitattributes
236 silly gunzTarPerm modified mode [ '.gitattributes', 420, 436 ]
237 silly gunzTarPerm extractEntry .tern-project
238 silly gunzTarPerm modified mode [ '.tern-project', 420, 436 ]
239 silly gunzTarPerm extractEntry .travis.yml
240 silly gunzTarPerm modified mode [ '.travis.yml', 420, 436 ]
241 silly gunzTarPerm extractEntry release.js
242 silly gunzTarPerm extractEntry .travis.yml
243 silly gunzTarPerm modified mode [ '.travis.yml', 420, 436 ]
244 silly gunzTarPerm extractEntry test/index.js
245 silly gunzTarPerm modified mode [ 'test/index.js', 420, 436 ]
246 silly gunzTarPerm extractEntry AUTHORS
247 silly gunzTarPerm modified mode [ 'AUTHORS', 420, 436 ]
248 silly gunzTarPerm extractEntry .gitattributes
249 silly gunzTarPerm modified mode [ '.gitattributes', 420, 436 ]
250 silly gunzTarPerm extractEntry runtime.js
251 silly gunzTarPerm extractEntry component.json
252 silly gunzTarPerm extractEntry bin/build-acorn.js
253 silly gunzTarPerm modified mode [ 'bin/build-acorn.js', 420, 436 ]
254 silly gunzTarPerm extractEntry bin/generate-identifier-regex.js
255 silly gunzTarPerm modified mode [ 'bin/generate-identifier-regex.js', 420, 436 ]
256 silly gunzTarPerm extractEntry bin/jade.js
257 silly gunzTarPerm extractEntry block-code.html
258 silly gunzTarPerm extractEntry History.md
259 silly gunzTarPerm extractEntry lib/compiler.js
260 silly gunzTarPerm extractEntry lib/filters-client.js
261 silly gunzTarPerm extractEntry lib/filters.js
262 silly gunzTarPerm extractEntry lib/index.js
263 silly gunzTarPerm extractEntry lib/doctypes.js
264 silly gunzTarPerm extractEntry lib/lexer.js
265 silly gunzTarPerm extractEntry bin/acorn
266 silly gunzTarPerm modified mode [ 'bin/acorn', 493, 509 ]
267 silly gunzTarPerm extractEntry bin/update_authors.sh
268 silly gunzTarPerm modified mode [ 'bin/update_authors.sh', 493, 509 ]
269 silly gunzTarPerm extractEntry lib/runtime.js
270 silly gunzTarPerm extractEntry lib/parser.js
271 silly gunzTarPerm extractEntry lib/utils.js
272 silly gunzTarPerm extractEntry lib/inline-tags.js
273 silly gunzTarPerm extractEntry lib/nodes/attrs.js
274 silly gunzTarPerm extractEntry lib/nodes/code.js
275 silly gunzTarPerm extractEntry lib/nodes/comment.js
276 silly gunzTarPerm extractEntry dist/acorn.js
277 silly gunzTarPerm modified mode [ 'dist/acorn.js', 420, 436 ]
278 silly gunzTarPerm extractEntry dist/acorn_loose.js
279 silly gunzTarPerm modified mode [ 'dist/acorn_loose.js', 420, 436 ]
280 silly gunzTarPerm extractEntry lib/nodes/doctype.js
281 silly gunzTarPerm extractEntry lib/nodes/each.js
282 silly gunzTarPerm extractEntry dist/walk.js
283 silly gunzTarPerm modified mode [ 'dist/walk.js', 420, 436 ]
284 silly gunzTarPerm extractEntry dist/.keep
285 silly gunzTarPerm modified mode [ 'dist/.keep', 420, 436 ]
286 silly gunzTarPerm extractEntry lib/nodes/case.js
287 silly gunzTarPerm extractEntry lib/nodes/index.js
288 silly gunzTarPerm extractEntry src/whitespace.js
289 silly gunzTarPerm modified mode [ 'src/whitespace.js', 420, 436 ]
290 silly gunzTarPerm extractEntry src/locutil.js
291 silly gunzTarPerm modified mode [ 'src/locutil.js', 420, 436 ]
292 silly gunzTarPerm extractEntry lib/nodes/literal.js
293 silly gunzTarPerm extractEntry lib/nodes/mixin-block.js
294 silly gunzTarPerm extractEntry lib/nodes/mixin.js
295 silly gunzTarPerm extractEntry lib/nodes/node.js
296 silly gentlyRm /vagrant/shared/Watch-This-Movie-master/node_modules/.staging/constantinople-8ab1427f/node_modules is being purged
297 verbose gentlyRm don't care about contents; nuking /vagrant/shared/Watch-This-Movie-master/node_modules/.staging/constantinople-8ab1427f/node_modules
298 silly gunzTarPerm extractEntry src/util.js
299 silly gunzTarPerm modified mode [ 'src/util.js', 420, 436 ]
300 silly gunzTarPerm extractEntry src/lval.js
301 silly gunzTarPerm modified mode [ 'src/lval.js', 420, 436 ]
302 silly gunzTarPerm extractEntry lib/nodes/block.js
303 silly gunzTarPerm extractEntry lib/nodes/tag.js
304 silly gunzTarPerm extractEntry src/location.js
305 silly gunzTarPerm modified mode [ 'src/location.js', 420, 436 ]
306 silly gunzTarPerm extractEntry src/expression.js
307 silly gunzTarPerm modified mode [ 'src/expression.js', 420, 436 ]
308 silly gunzTarPerm extractEntry lib/nodes/block-comment.js
309 silly gunzTarPerm extractEntry lib/nodes/text.js
310 silly gunzTarPerm extractEntry src/parseutil.js
311 silly gunzTarPerm modified mode [ 'src/parseutil.js', 420, 436 ]
312 silly gunzTarPerm extractEntry src/state.js
313 silly gunzTarPerm modified mode [ 'src/state.js', 420, 436 ]
314 silly gunzTarPerm extractEntry lib/nodes/filter.js
315 silly gunzTarPerm extractEntry .release.json
316 silly gunzTarPerm modified mode [ '.release.json', 438, 436 ]
317 silly gunzTarPerm extractEntry Readme_zh-cn.md
318 silly gunzTarPerm extractEntry src/statement.js
319 silly gunzTarPerm modified mode [ 'src/statement.js', 420, 436 ]
320 silly gunzTarPerm extractEntry src/tokencontext.js
321 silly gunzTarPerm modified mode [ 'src/tokencontext.js', 420, 436 ]
322 silly gunzTarPerm extractEntry src/index.js
323 silly gunzTarPerm modified mode [ 'src/index.js', 420, 436 ]
324 silly gunzTarPerm extractEntry src/tokenize.js
325 silly gunzTarPerm modified mode [ 'src/tokenize.js', 420, 436 ]
326 silly gunzTarPerm extractEntry src/identifier.js
327 silly gunzTarPerm modified mode [ 'src/identifier.js', 420, 436 ]
328 silly gunzTarPerm extractEntry src/tokentype.js
329 silly gunzTarPerm modified mode [ 'src/tokentype.js', 420, 436 ]
330 silly gunzTarPerm extractEntry src/node.js
331 silly gunzTarPerm modified mode [ 'src/node.js', 420, 436 ]
332 silly gunzTarPerm extractEntry src/options.js
333 silly gunzTarPerm modified mode [ 'src/options.js', 420, 436 ]
334 silly gunzTarPerm extractEntry src/loose/acorn_loose.js
335 silly gunzTarPerm modified mode [ 'src/loose/acorn_loose.js', 420, 436 ]
336 silly gunzTarPerm extractEntry src/loose/expression.js
337 silly gunzTarPerm modified mode [ 'src/loose/expression.js', 420, 436 ]
338 silly gunzTarPerm extractEntry src/loose/index.js
339 silly gunzTarPerm modified mode [ 'src/loose/index.js', 420, 436 ]
340 silly gunzTarPerm extractEntry src/loose/parseutil.js
341 silly gunzTarPerm modified mode [ 'src/loose/parseutil.js', 420, 436 ]
342 silly gunzTarPerm extractEntry src/loose/state.js
343 silly gunzTarPerm modified mode [ 'src/loose/state.js', 420, 436 ]
344 silly gunzTarPerm extractEntry src/loose/statement.js
345 silly gunzTarPerm modified mode [ 'src/loose/statement.js', 420, 436 ]
346 silly gunzTarPerm extractEntry src/loose/tokenize.js
347 silly gunzTarPerm modified mode [ 'src/loose/tokenize.js', 420, 436 ]
348 silly gunzTarPerm extractEntry src/walk/index.js
349 silly gunzTarPerm modified mode [ 'src/walk/index.js', 420, 436 ]
350 silly gunzTarPerm extractEntry src/bin/acorn.js
351 silly gunzTarPerm modified mode [ 'src/bin/acorn.js', 420, 436 ]
352 silly gunzTarPerm extractEntry .editorconfig
353 silly gunzTarPerm modified mode [ '.editorconfig', 420, 436 ]
354 silly gentlyRm /vagrant/shared/Watch-This-Movie-master/node_modules/.staging/jade-274febd2/node_modules is being purged
355 verbose gentlyRm don't care about contents; nuking /vagrant/shared/Watch-This-Movie-master/node_modules/.staging/jade-274febd2/node_modules
356 silly gentlyRm /vagrant/shared/Watch-This-Movie-master/node_modules/.staging/acorn-0c5cad79/node_modules is being purged
357 verbose gentlyRm don't care about contents; nuking /vagrant/shared/Watch-This-Movie-master/node_modules/.staging/acorn-0c5cad79/node_modules
358 silly doParallel preinstall 3
359 silly preinstall acorn@2.7.0 /vagrant/shared/Watch-This-Movie-master/node_modules/.staging/acorn-0c5cad79
360 info lifecycle acorn@2.7.0~preinstall: acorn@2.7.0
361 silly preinstall constantinople@3.0.2 /vagrant/shared/Watch-This-Movie-master/node_modules/.staging/constantinople-8ab1427f
362 info lifecycle constantinople@3.0.2~preinstall: constantinople@3.0.2
363 silly preinstall jade@1.11.0 /vagrant/shared/Watch-This-Movie-master/node_modules/.staging/jade-274febd2
364 info lifecycle jade@1.11.0~preinstall: jade@1.11.0
365 silly lifecycle constantinople@3.0.2~preinstall: no script for preinstall, continuing
366 silly lifecycle acorn@2.7.0~preinstall: no script for preinstall, continuing
367 silly lifecycle jade@1.11.0~preinstall: no script for preinstall, continuing
368 silly doReverseSerial remove 0
369 silly doSerial move 0
370 silly doSerial finalize 3
371 silly finalize /vagrant/shared/Watch-This-Movie-master/node_modules/acorn
372 silly finalize /vagrant/shared/Watch-This-Movie-master/node_modules/constantinople
373 silly finalize /vagrant/shared/Watch-This-Movie-master/node_modules/jade
374 silly doSerial build 3
375 silly build acorn@2.7.0
376 info linkStuff acorn@2.7.0
377 silly linkStuff acorn@2.7.0 has /vagrant/shared/Watch-This-Movie-master/node_modules as its parent node_modules
378 verbose linkBins acorn@2.7.0
379 verbose link bins [ { acorn: './bin/acorn' },
379 verbose link bins   '/vagrant/shared/Watch-This-Movie-master/node_modules/.bin',
379 verbose link bins   false ]
380 verbose linkMans acorn@2.7.0
381 silly gentlyRm /vagrant/shared/Watch-This-Movie-master/node_modules/.bin/acorn is being purged
382 verbose gentlyRm don't care about contents; nuking /vagrant/shared/Watch-This-Movie-master/node_modules/.bin/acorn
383 verbose unlock done using /home/vagrant/.npm/_locks/staging-406e83bff298a042.lock for /vagrant/shared/Watch-This-Movie-master/node_modules/.staging
384 silly rollbackFailedOptional Starting
385 silly rollbackFailedOptional Finishing
386 silly runTopLevelLifecycles Finishing
387 silly install printInstalled
388 verbose stack Error: EPROTO: protocol error, symlink '../acorn/bin/acorn' -> '/vagrant/shared/Watch-This-Movie-master/node_modules/.bin/acorn'
388 verbose stack     at Error (native)
389 verbose cwd /vagrant/shared/Watch-This-Movie-master
390 error Linux 3.13.0-100-generic
391 error argv "/home/vagrant/n/bin/node" "/home/vagrant/n/bin/npm" "install"
392 error node v6.8.1
393 error npm  v4.0.0
394 error path ../acorn/bin/acorn
395 error code EPROTO
396 error errno -71
397 error syscall symlink
398 error EPROTO: protocol error, symlink '../acorn/bin/acorn' -> '/vagrant/shared/Watch-This-Movie-master/node_modules/.bin/acorn'
399 error If you need help, you may report this error at:
399 error     <https://github.com/npm/npm/issues>
400 verbose exit [ -71, true ]
